<?xml version="1.0" encoding="UTF-8"?>
<!-- Generated by org.testng.reporters.JUnitReportReporter -->
<testsuite hostname="Nusaibas-MacBook-Pro.local" failures="0" tests="2" name="com.careerhack.runners.Testrunner" time="23.724" errors="0" timestamp="27 Mar 2022 18:55:53 GMT" skipped="0">
  <testcase classname="com.careerhack.runners.Testrunner" name="runScenario" time="11.214"/>
  <testcase classname="com.careerhack.runners.Testrunner" name="runScenario" time="12.510"/>
</testsuite> <!-- com.careerhack.runners.Testrunner -->
